<?xml version="1.0" encoding="UTF-8"?>
<testng-results skipped="0" failed="0" ignored="0" total="1" passed="1">
  <reporter-output>
  </reporter-output>
  <suite name="Suite" duration-ms="25341" started-at="2018-06-23T13:59:00Z" finished-at="2018-06-23T13:59:25Z">
    <groups>
    </groups>
    <test name="Test" duration-ms="25341" started-at="2018-06-23T13:59:00Z" finished-at="2018-06-23T13:59:25Z">
      <class name="com.kdcprima.qa.testcases.LoginTest">
        <test-method status="PASS" signature="precondition()[pri:0, instance:com.kdcprima.qa.testcases.LoginTest@4883b407]" name="precondition" is-config="true" duration-ms="12732" started-at="2018-06-23T13:59:00Z" finished-at="2018-06-23T13:59:12Z">
          <reporter-output>
          </reporter-output>
        </test-method> <!-- precondition -->
        <test-method status="PASS" signature="loginTest()[pri:0, instance:com.kdcprima.qa.testcases.LoginTest@4883b407]" name="loginTest" duration-ms="10254" started-at="2018-06-23T13:59:12Z" finished-at="2018-06-23T13:59:23Z">
          <reporter-output>
          </reporter-output>
        </test-method> <!-- loginTest -->
        <test-method status="PASS" signature="postconditon()[pri:0, instance:com.kdcprima.qa.testcases.LoginTest@4883b407]" name="postconditon" is-config="true" duration-ms="2233" started-at="2018-06-23T13:59:23Z" finished-at="2018-06-23T13:59:25Z">
          <reporter-output>
          </reporter-output>
        </test-method> <!-- postconditon -->
      </class> <!-- com.kdcprima.qa.testcases.LoginTest -->
    </test> <!-- Test -->
  </suite> <!-- Suite -->
</testng-results>
